<?xml version="1.0" encoding="UTF-8"?>
<!-- Generated by org.testng.reporters.JUnitXMLReporter -->
<testsuite ignored="0" hostname="DESKTOP-HMOLNHS" failures="0" tests="7" name="TutorialsNinja Testcases" time="7.063" errors="0" timestamp="2023-05-23T15:30:45 EDT">
  <testcase classname="com.tutorialsninja.qa.testcases.Create_Account_Test_Tutorialsninja" name="@BeforeMethod setUp" time="4.976">
    <failure type="org.openqa.selenium.remote.http.ConnectionFailedException" message="Unable to establish websocket connection to http://localhost:64595/devtools/browser/f4d2a345-da39-44e6-afbf-23a6cd24c2f0
Build info: version: &amp;apos;4.7.2&amp;apos;, revision: &amp;apos;4d4020c3b7&amp;apos;
System info: os.name: &amp;apos;Windows 10&amp;apos;, os.arch: &amp;apos;amd64&amp;apos;, os.version: &amp;apos;10.0&amp;apos;, java.version: &amp;apos;17.0.5&amp;apos;
Driver info: driver.version: ChromeDriver">
      <![CDATA[org.openqa.selenium.remote.http.ConnectionFailedException: Unable to establish websocket connection to http://localhost:64595/devtools/browser/f4d2a345-da39-44e6-afbf-23a6cd24c2f0
Build info: version: '4.7.2', revision: '4d4020c3b7'
System info: os.name: 'Windows 10', os.arch: 'amd64', os.version: '10.0', java.version: '17.0.5'
Driver info: driver.version: ChromeDriver
at org.openqa.selenium.remote.http.netty.NettyWebSocket.<init>(NettyWebSocket.java:102)
at org.openqa.selenium.remote.http.netty.NettyWebSocket.lambda$create$3(NettyWebSocket.java:128)
at org.openqa.selenium.remote.http.netty.NettyClient.openSocket(NettyClient.java:107)
at org.openqa.selenium.devtools.Connection.<init>(Connection.java:78)
at org.openqa.selenium.chromium.ChromiumDriver.lambda$new$2(ChromiumDriver.java:116)
at java.base/java.util.Optional.map(Optional.java:260)
at org.openqa.selenium.chromium.ChromiumDriver.<init>(ChromiumDriver.java:114)
at org.openqa.selenium.chrome.ChromeDriver.<init>(ChromeDriver.java:82)
at org.openqa.selenium.chrome.ChromeDriver.<init>(ChromeDriver.java:50)
at com.tutorialsninja.qa.testbase.TestBase.initializeBrowserAndOpenApplication(TestBase.java:35)
at com.tutorialsninja.qa.testcases.Create_Account_Test_Tutorialsninja.setUp(Create_Account_Test_Tutorialsninja.java:24)
at java.base/java.util.ArrayList.forEach(ArrayList.java:1511)
... Removed 31 stack frames]]>
    </failure>
  </testcase> <!-- @BeforeMethod setUp -->
  <testcase classname="com.tutorialsninja.qa.testcases.Create_Account_Test_Tutorialsninja" name="@AfterMethod tearDown" time="-1.684870243775E9">
    <skipped/>
  </testcase> <!-- @AfterMethod tearDown -->
  <testcase classname="com.tutorialsninja.qa.testcases.Login_Test_Tutorialsninja" name="@BeforeMethod setUp" time="1.309">
    <failure type="org.openqa.selenium.remote.http.ConnectionFailedException" message="Unable to establish websocket connection to http://localhost:64607/devtools/browser/ddf9d810-5297-426a-8f6d-406d2285cca1
Build info: version: &amp;apos;4.7.2&amp;apos;, revision: &amp;apos;4d4020c3b7&amp;apos;
System info: os.name: &amp;apos;Windows 10&amp;apos;, os.arch: &amp;apos;amd64&amp;apos;, os.version: &amp;apos;10.0&amp;apos;, java.version: &amp;apos;17.0.5&amp;apos;
Driver info: driver.version: ChromeDriver">
      <![CDATA[org.openqa.selenium.remote.http.ConnectionFailedException: Unable to establish websocket connection to http://localhost:64607/devtools/browser/ddf9d810-5297-426a-8f6d-406d2285cca1
Build info: version: '4.7.2', revision: '4d4020c3b7'
System info: os.name: 'Windows 10', os.arch: 'amd64', os.version: '10.0', java.version: '17.0.5'
Driver info: driver.version: ChromeDriver
at org.openqa.selenium.remote.http.netty.NettyWebSocket.<init>(NettyWebSocket.java:102)
at org.openqa.selenium.remote.http.netty.NettyWebSocket.lambda$create$3(NettyWebSocket.java:128)
at org.openqa.selenium.remote.http.netty.NettyClient.openSocket(NettyClient.java:107)
at org.openqa.selenium.devtools.Connection.<init>(Connection.java:78)
at org.openqa.selenium.chromium.ChromiumDriver.lambda$new$2(ChromiumDriver.java:116)
at java.base/java.util.Optional.map(Optional.java:260)
at org.openqa.selenium.chromium.ChromiumDriver.<init>(ChromiumDriver.java:114)
at org.openqa.selenium.chrome.ChromeDriver.<init>(ChromeDriver.java:82)
at org.openqa.selenium.chrome.ChromeDriver.<init>(ChromeDriver.java:50)
at com.tutorialsninja.qa.testbase.TestBase.initializeBrowserAndOpenApplication(TestBase.java:35)
at com.tutorialsninja.qa.testcases.Login_Test_Tutorialsninja.setUp(Login_Test_Tutorialsninja.java:25)
at java.base/java.util.ArrayList.forEach(ArrayList.java:1511)
... Removed 31 stack frames]]>
    </failure>
  </testcase> <!-- @BeforeMethod setUp -->
  <testcase classname="com.tutorialsninja.qa.testcases.Login_Test_Tutorialsninja" name="@AfterMethod tearDown" time="-1.684870245123E9">
    <skipped/>
  </testcase> <!-- @AfterMethod tearDown -->
  <testcase classname="com.tutorialsninja.qa.testcases.Login_Test_Tutorialsninja" name="@BeforeMethod setUp" time="-1.684870245132E9">
    <skipped/>
  </testcase> <!-- @BeforeMethod setUp -->
  <testcase classname="com.tutorialsninja.qa.testcases.Login_Test_Tutorialsninja" name="@AfterMethod tearDown" time="-1.684870245141E9">
    <skipped/>
  </testcase> <!-- @AfterMethod tearDown -->
  <testcase classname="com.tutorialsninja.qa.testcases.Login_Test_Tutorialsninja" name="@BeforeMethod setUp" time="-1.684870245143E9">
    <skipped/>
  </testcase> <!-- @BeforeMethod setUp -->
  <testcase classname="com.tutorialsninja.qa.testcases.Login_Test_Tutorialsninja" name="@AfterMethod tearDown" time="-1.684870245175E9">
    <skipped/>
  </testcase> <!-- @AfterMethod tearDown -->
  <testcase classname="com.tutorialsninja.qa.testcases.Login_Test_Tutorialsninja" name="@BeforeMethod setUp" time="-1.684870245181E9">
    <skipped/>
  </testcase> <!-- @BeforeMethod setUp -->
  <testcase classname="com.tutorialsninja.qa.testcases.Login_Test_Tutorialsninja" name="@AfterMethod tearDown" time="-1.684870245198E9">
    <skipped/>
  </testcase> <!-- @AfterMethod tearDown -->
  <testcase classname="com.tutorialsninja.qa.testcases.Login_Test_Tutorialsninja" name="@BeforeMethod setUp" time="-1.6848702452E9">
    <skipped/>
  </testcase> <!-- @BeforeMethod setUp -->
  <testcase classname="com.tutorialsninja.qa.testcases.Login_Test_Tutorialsninja" name="@AfterMethod tearDown" time="-1.684870245203E9">
    <skipped/>
  </testcase> <!-- @AfterMethod tearDown -->
  <testcase classname="com.tutorialsninja.qa.testcases.Login_Test_Tutorialsninja" name="@BeforeMethod setUp" time="-1.684870245204E9">
    <skipped/>
  </testcase> <!-- @BeforeMethod setUp -->
  <testcase classname="com.tutorialsninja.qa.testcases.Login_Test_Tutorialsninja" name="@AfterMethod tearDown" time="-1.684870245208E9">
    <skipped/>
  </testcase> <!-- @AfterMethod tearDown -->
  <testcase classname="com.tutorialsninja.qa.testcases.Create_Account_Test_Tutorialsninja" name="enterAllValidFeilds" time="0.0">
    <skipped/>
  </testcase> <!-- enterAllValidFeilds -->
  <testcase classname="com.tutorialsninja.qa.testcases.Login_Test_Tutorialsninja" name="VerifyingLoginTestwithValidUserNameAndPassWord" time="0.0">
    <skipped/>
  </testcase> <!-- VerifyingLoginTestwithValidUserNameAndPassWord -->
  <testcase classname="com.tutorialsninja.qa.testcases.Login_Test_Tutorialsninja" name="VerifyingLoginTestwithInValidUserNameAndInvalidPassWord" time="0.0">
    <skipped/>
  </testcase> <!-- VerifyingLoginTestwithInValidUserNameAndInvalidPassWord -->
  <testcase classname="com.tutorialsninja.qa.testcases.Login_Test_Tutorialsninja" name="VerifyingLoginTestwithValidUserNameAndInValidPassWord" time="0.0">
    <skipped/>
  </testcase> <!-- VerifyingLoginTestwithValidUserNameAndInValidPassWord -->
  <testcase classname="com.tutorialsninja.qa.testcases.Login_Test_Tutorialsninja" name="VerifyingLoginTestwithEmptyUserNameAndValidPassWord" time="0.001">
    <skipped/>
  </testcase> <!-- VerifyingLoginTestwithEmptyUserNameAndValidPassWord -->
  <testcase classname="com.tutorialsninja.qa.testcases.Login_Test_Tutorialsninja" name="VerifyingLoginTestwithValidUserNameAndEmptyPassWord" time="0.0">
    <skipped/>
  </testcase> <!-- VerifyingLoginTestwithValidUserNameAndEmptyPassWord -->
  <testcase classname="com.tutorialsninja.qa.testcases.Login_Test_Tutorialsninja" name="VerifyingLoginTestwithEmptyUserNameAndEmptyPassWord" time="0.0">
    <skipped/>
  </testcase> <!-- VerifyingLoginTestwithEmptyUserNameAndEmptyPassWord -->
</testsuite> <!-- TutorialsNinja Testcases -->
