<?xml version="1.0" encoding="UTF-8"?>
<!-- Generated by org.testng.reporters.JUnitXMLReporter -->
<testsuite hostname="DESKTOP-HMOLNHS" ignored="0" name="TutorialsNinja Testcases" tests="7" failures="0" timestamp="2023-05-05T19:24:49 EDT" time="4.02" errors="0">
  <testcase name="@BeforeMethod setUp" time="3.963" classname="com.tutorialsninja.qa.testcases.Create_Account_Test_Tutorialsninja">
    <failure type="org.openqa.selenium.remote.http.ConnectionFailedException" message="Unable to establish websocket connection to http://localhost:49397/devtools/browser/f9992422-fcac-4abe-a33d-52aef8cf05c4
Build info: version: &amp;apos;4.7.2&amp;apos;, revision: &amp;apos;4d4020c3b7&amp;apos;
System info: os.name: &amp;apos;Windows 10&amp;apos;, os.arch: &amp;apos;amd64&amp;apos;, os.version: &amp;apos;10.0&amp;apos;, java.version: &amp;apos;1.8.0_341&amp;apos;
Driver info: driver.version: ChromeDriver">
      <![CDATA[org.openqa.selenium.remote.http.ConnectionFailedException: Unable to establish websocket connection to http://localhost:49397/devtools/browser/f9992422-fcac-4abe-a33d-52aef8cf05c4
Build info: version: '4.7.2', revision: '4d4020c3b7'
System info: os.name: 'Windows 10', os.arch: 'amd64', os.version: '10.0', java.version: '1.8.0_341'
Driver info: driver.version: ChromeDriver
at org.openqa.selenium.remote.http.netty.NettyWebSocket.<init>(NettyWebSocket.java:102)
at org.openqa.selenium.remote.http.netty.NettyWebSocket.lambda$create$3(NettyWebSocket.java:128)
at org.openqa.selenium.remote.http.netty.NettyClient.openSocket(NettyClient.java:107)
at org.openqa.selenium.devtools.Connection.<init>(Connection.java:78)
at org.openqa.selenium.chromium.ChromiumDriver.lambda$new$2(ChromiumDriver.java:116)
at java.util.Optional.map(Optional.java:215)
at org.openqa.selenium.chromium.ChromiumDriver.<init>(ChromiumDriver.java:114)
at org.openqa.selenium.chrome.ChromeDriver.<init>(ChromeDriver.java:82)
at org.openqa.selenium.chrome.ChromeDriver.<init>(ChromeDriver.java:50)
at com.tutorialsninja.qa.testbase.TestBase.initializeBrowserAndOpenApplication(TestBase.java:35)
at com.tutorialsninja.qa.testcases.Create_Account_Test_Tutorialsninja.setUp(Create_Account_Test_Tutorialsninja.java:23)
... Removed 32 stack frames]]>
    </failure>
  </testcase> <!-- @BeforeMethod setUp -->
  <testcase name="@BeforeMethod setUp" time="0.0" classname="com.tutorialsninja.qa.testcases.Login_Test_Tutorialsninja">
    <failure type="java.lang.NullPointerException">
      <![CDATA[java.lang.NullPointerException
at com.tutorialsninja.qa.testbase.TestBase.initializeBrowserAndOpenApplication(TestBase.java:34)
at com.tutorialsninja.qa.testcases.Login_Test_Tutorialsninja.setUp(Login_Test_Tutorialsninja.java:25)
... Removed 32 stack frames]]>
    </failure>
  </testcase> <!-- @BeforeMethod setUp -->
  <testcase name="@AfterMethod tearDown" time="-1.68332908902E9" classname="com.tutorialsninja.qa.testcases.Login_Test_Tutorialsninja">
    <skipped/>
  </testcase> <!-- @AfterMethod tearDown -->
  <testcase name="@BeforeMethod setUp" time="-1.683329089021E9" classname="com.tutorialsninja.qa.testcases.Login_Test_Tutorialsninja">
    <skipped/>
  </testcase> <!-- @BeforeMethod setUp -->
  <testcase name="@AfterMethod tearDown" time="-1.683329089022E9" classname="com.tutorialsninja.qa.testcases.Login_Test_Tutorialsninja">
    <skipped/>
  </testcase> <!-- @AfterMethod tearDown -->
  <testcase name="@BeforeMethod setUp" time="-1.683329089022E9" classname="com.tutorialsninja.qa.testcases.Login_Test_Tutorialsninja">
    <skipped/>
  </testcase> <!-- @BeforeMethod setUp -->
  <testcase name="@AfterMethod tearDown" time="-1.683329089023E9" classname="com.tutorialsninja.qa.testcases.Login_Test_Tutorialsninja">
    <skipped/>
  </testcase> <!-- @AfterMethod tearDown -->
  <testcase name="@BeforeMethod setUp" time="-1.683329089024E9" classname="com.tutorialsninja.qa.testcases.Login_Test_Tutorialsninja">
    <skipped/>
  </testcase> <!-- @BeforeMethod setUp -->
  <testcase name="@AfterMethod tearDown" time="-1.683329089024E9" classname="com.tutorialsninja.qa.testcases.Login_Test_Tutorialsninja">
    <skipped/>
  </testcase> <!-- @AfterMethod tearDown -->
  <testcase name="@BeforeMethod setUp" time="-1.683329089025E9" classname="com.tutorialsninja.qa.testcases.Login_Test_Tutorialsninja">
    <skipped/>
  </testcase> <!-- @BeforeMethod setUp -->
  <testcase name="@AfterMethod tearDown" time="-1.683329089025E9" classname="com.tutorialsninja.qa.testcases.Login_Test_Tutorialsninja">
    <skipped/>
  </testcase> <!-- @AfterMethod tearDown -->
  <testcase name="@BeforeMethod setUp" time="-1.683329089026E9" classname="com.tutorialsninja.qa.testcases.Login_Test_Tutorialsninja">
    <skipped/>
  </testcase> <!-- @BeforeMethod setUp -->
  <testcase name="@AfterMethod tearDown" time="-1.683329089029E9" classname="com.tutorialsninja.qa.testcases.Login_Test_Tutorialsninja">
    <skipped/>
  </testcase> <!-- @AfterMethod tearDown -->
  <testcase name="enterAllValidFeilds" time="0.0" classname="com.tutorialsninja.qa.testcases.Create_Account_Test_Tutorialsninja">
    <skipped/>
  </testcase> <!-- enterAllValidFeilds -->
  <testcase name="VerifyingLoginTestwithValidUserNameAndPassWord" time="0.0" classname="com.tutorialsninja.qa.testcases.Login_Test_Tutorialsninja">
    <skipped/>
  </testcase> <!-- VerifyingLoginTestwithValidUserNameAndPassWord -->
  <testcase name="VerifyingLoginTestwithInValidUserNameAndInvalidPassWord" time="0.0" classname="com.tutorialsninja.qa.testcases.Login_Test_Tutorialsninja">
    <skipped/>
  </testcase> <!-- VerifyingLoginTestwithInValidUserNameAndInvalidPassWord -->
  <testcase name="VerifyingLoginTestwithValidUserNameAndInValidPassWord" time="0.0" classname="com.tutorialsninja.qa.testcases.Login_Test_Tutorialsninja">
    <skipped/>
  </testcase> <!-- VerifyingLoginTestwithValidUserNameAndInValidPassWord -->
  <testcase name="VerifyingLoginTestwithEmptyUserNameAndValidPassWord" time="0.0" classname="com.tutorialsninja.qa.testcases.Login_Test_Tutorialsninja">
    <skipped/>
  </testcase> <!-- VerifyingLoginTestwithEmptyUserNameAndValidPassWord -->
  <testcase name="VerifyingLoginTestwithValidUserNameAndEmptyPassWord" time="0.0" classname="com.tutorialsninja.qa.testcases.Login_Test_Tutorialsninja">
    <skipped/>
  </testcase> <!-- VerifyingLoginTestwithValidUserNameAndEmptyPassWord -->
  <testcase name="VerifyingLoginTestwithEmptyUserNameAndEmptyPassWord" time="0.0" classname="com.tutorialsninja.qa.testcases.Login_Test_Tutorialsninja">
    <skipped/>
  </testcase> <!-- VerifyingLoginTestwithEmptyUserNameAndEmptyPassWord -->
</testsuite> <!-- TutorialsNinja Testcases -->
